{
  "stats": {
    "suites": 32,
    "tests": 35,
    "passes": 35,
    "pending": 0,
    "failures": 0,
    "start": "2023-09-01T06:05:04.419Z",
    "end": "2023-09-01T06:05:19.075Z",
    "duration": 14656,
    "testsRegistered": 35,
    "passPercent": 100,
    "pendingPercent": 0,
    "other": 0,
    "hasOther": false,
    "skipped": 0,
    "hasSkipped": false
  },
  "results": [
    {
      "uuid": "3dc15851-c785-4392-8e94-f7cf232f7632",
      "title": "",
      "fullFile": "",
      "file": "",
      "beforeHooks": [],
      "afterHooks": [],
      "tests": [],
      "suites": [
        {
          "uuid": "a9589474-3cd8-4dd6-871a-be4978b631c8",
          "title": "Positive - Post New User",
          "fullFile": "D:\\Downloads\\MII\\GOREST-Automation-Test\\test\\testCases.js",
          "file": "\\test\\testCases.js",
          "beforeHooks": [],
          "afterHooks": [],
          "tests": [
            {
              "title": "Response status equal to 201",
              "fullTitle": "Positive - Post New User Response status equal to 201",
              "timedOut": false,
              "duration": 2655,
              "state": "passed",
              "speed": "slow",
              "pass": true,
              "fail": false,
              "pending": false,
              "context": null,
              "code": "const response = await request(url)\n  .post(`/public/v2/users?access-token=${TOKEN}`)\n  .send({\n    \"email\": \"jihan@mail.com\",\n    \"name\": \"Jihan Farah\",\n    \"gender\": \"female\",\n    \"status\": \"active\"\n  });\nuserId = response.body.id;\nuserName =  response.body.name;\nuserEmail =  response.body.email;\nconsole.log('User ID:', userId);\nconsole.log('User Name:', userName);\nconsole.log('User Email:', userEmail);\nexpect(response.status).to.equal(201);",
              "err": {},
              "uuid": "0ce96986-419c-4192-bf57-9fea1884ae98",
              "parentUUID": "a9589474-3cd8-4dd6-871a-be4978b631c8",
              "isHook": false,
              "skipped": false
            }
          ],
          "suites": [],
          "passes": [
            "0ce96986-419c-4192-bf57-9fea1884ae98"
          ],
          "failures": [],
          "pending": [],
          "skipped": [],
          "duration": 2655,
          "root": false,
          "rootEmpty": false,
          "_timeout": 10000
        },
        {
          "uuid": "6d7fa9ec-aea1-4ece-ad30-567c66b5e757",
          "title": "Positive - Post New Posts",
          "fullFile": "D:\\Downloads\\MII\\GOREST-Automation-Test\\test\\testCases.js",
          "file": "\\test\\testCases.js",
          "beforeHooks": [],
          "afterHooks": [],
          "tests": [
            {
              "title": "Response status equal to 201",
              "fullTitle": "Positive - Post New Posts Response status equal to 201",
              "timedOut": false,
              "duration": 1407,
              "state": "passed",
              "speed": "slow",
              "pass": true,
              "fail": false,
              "pending": false,
              "context": null,
              "code": "const response = await request(url)\n  .post(`/public/v2/posts?access-token=${TOKEN}`)\n  .send({\n    \"user\": userName,\n    \"user_id\":userId,\n    \"title\":\"Post test\",\n    \"body\":\"Ini uji coba post\"\n     });\n  \n  postId = response.body.id;\n  postTitle = response.body.title;\n  console.log('Post ID:', postId);\n  console.log('Post Title:', postTitle);\n  expect(response.status).to.equal(201);",
              "err": {},
              "uuid": "bb289890-6655-4207-8b2c-23287b848fa1",
              "parentUUID": "6d7fa9ec-aea1-4ece-ad30-567c66b5e757",
              "isHook": false,
              "skipped": false
            }
          ],
          "suites": [],
          "passes": [
            "bb289890-6655-4207-8b2c-23287b848fa1"
          ],
          "failures": [],
          "pending": [],
          "skipped": [],
          "duration": 1407,
          "root": false,
          "rootEmpty": false,
          "_timeout": 10000
        },
        {
          "uuid": "2ed1a3fa-ecc8-4ce2-b179-729cb81f12cc",
          "title": "Positive - Post New Comments",
          "fullFile": "D:\\Downloads\\MII\\GOREST-Automation-Test\\test\\testCases.js",
          "file": "\\test\\testCases.js",
          "beforeHooks": [],
          "afterHooks": [],
          "tests": [
            {
              "title": "Response status equal to 201",
              "fullTitle": "Positive - Post New Comments Response status equal to 201",
              "timedOut": false,
              "duration": 517,
              "state": "passed",
              "speed": "slow",
              "pass": true,
              "fail": false,
              "pending": false,
              "context": null,
              "code": "const response = await request(url)\n  .post(`/public/v2/comments?access-token=${TOKEN}`)\n  .send({\n    \"post\": postTitle,\n    \"post_id\":postId,\n    \"name\":userName,\n    \"email\": userEmail,\n    \"body\": \"Contoh komen\"\n     });\n  \n  commentId = response.body.id;\n  console.log('Comment ID:', commentId);\n  expect(response.status).to.equal(201);",
              "err": {},
              "uuid": "b22cd052-7340-4e28-a820-4182c69721de",
              "parentUUID": "2ed1a3fa-ecc8-4ce2-b179-729cb81f12cc",
              "isHook": false,
              "skipped": false
            }
          ],
          "suites": [],
          "passes": [
            "b22cd052-7340-4e28-a820-4182c69721de"
          ],
          "failures": [],
          "pending": [],
          "skipped": [],
          "duration": 517,
          "root": false,
          "rootEmpty": false,
          "_timeout": 10000
        },
        {
          "uuid": "c46c51a7-b756-45e2-8f2f-8f656ced4891",
          "title": "Positive - Post New To-dos",
          "fullFile": "D:\\Downloads\\MII\\GOREST-Automation-Test\\test\\testCases.js",
          "file": "\\test\\testCases.js",
          "beforeHooks": [],
          "afterHooks": [],
          "tests": [
            {
              "title": "Response status equal to 201",
              "fullTitle": "Positive - Post New To-dos Response status equal to 201",
              "timedOut": false,
              "duration": 1301,
              "state": "passed",
              "speed": "slow",
              "pass": true,
              "fail": false,
              "pending": false,
              "context": null,
              "code": "const response = await request(url)\n  .post(`/public/v2/todos?access-token=${TOKEN}`)\n  .send({\n    \"user\": userName,\n    \"title\":\"To-do\",\n    \"user_id\":userId,\n    \"status\":\"completed\"\n     });\n  \n  todoId = response.body.id;\n  console.log('To-do ID:', todoId);\n  expect(response.status).to.equal(201);",
              "err": {},
              "uuid": "e52a11de-e33f-48b4-8f79-ff497a3c7e85",
              "parentUUID": "c46c51a7-b756-45e2-8f2f-8f656ced4891",
              "isHook": false,
              "skipped": false
            }
          ],
          "suites": [],
          "passes": [
            "e52a11de-e33f-48b4-8f79-ff497a3c7e85"
          ],
          "failures": [],
          "pending": [],
          "skipped": [],
          "duration": 1301,
          "root": false,
          "rootEmpty": false,
          "_timeout": 10000
        },
        {
          "uuid": "1ddbc568-85fa-48c9-9009-cf27bd05e9d3",
          "title": "Negative - Post Duplicate Users",
          "fullFile": "D:\\Downloads\\MII\\GOREST-Automation-Test\\test\\testCases.js",
          "file": "\\test\\testCases.js",
          "beforeHooks": [],
          "afterHooks": [],
          "tests": [
            {
              "title": "Response status equal to 422",
              "fullTitle": "Negative - Post Duplicate Users Response status equal to 422",
              "timedOut": false,
              "duration": 558,
              "state": "passed",
              "speed": "slow",
              "pass": true,
              "fail": false,
              "pending": false,
              "context": null,
              "code": "const response = await request(url)\n  .post(`/public/v2/users?access-token=${TOKEN}`)\n  .send({\n    \"email\": \"jihan@mail.com\",\n    \"name\": \"Jihan Farah\",\n    \"gender\": \"female\",\n    \"status\": \"active\"\n  });\n   expect(response.status).to.equal(422);",
              "err": {},
              "uuid": "af4711a4-a051-4b2e-8e3d-0aa9f2be592c",
              "parentUUID": "1ddbc568-85fa-48c9-9009-cf27bd05e9d3",
              "isHook": false,
              "skipped": false
            }
          ],
          "suites": [],
          "passes": [
            "af4711a4-a051-4b2e-8e3d-0aa9f2be592c"
          ],
          "failures": [],
          "pending": [],
          "skipped": [],
          "duration": 558,
          "root": false,
          "rootEmpty": false,
          "_timeout": 10000
        },
        {
          "uuid": "b5334d3f-ee8a-4890-bae6-b35ae2bcd987",
          "title": "Negative - Post New User with Empty Email",
          "fullFile": "D:\\Downloads\\MII\\GOREST-Automation-Test\\test\\testCases.js",
          "file": "\\test\\testCases.js",
          "beforeHooks": [],
          "afterHooks": [],
          "tests": [
            {
              "title": "Response status equal to 422",
              "fullTitle": "Negative - Post New User with Empty Email Response status equal to 422",
              "timedOut": false,
              "duration": 297,
              "state": "passed",
              "speed": "slow",
              "pass": true,
              "fail": false,
              "pending": false,
              "context": null,
              "code": "const response = await request(url)\n  .post(`/public/v2/users?access-token=${TOKEN}`)\n  .send({\n    \"email\": \"\",\n    \"name\": \"Jihan\",\n    \"gender\": \"female\",\n    \"status\": \"active\"\n  });\nexpect(response.status).to.equal(422);",
              "err": {},
              "uuid": "a05cccf0-f748-453e-9320-3d70b2429023",
              "parentUUID": "b5334d3f-ee8a-4890-bae6-b35ae2bcd987",
              "isHook": false,
              "skipped": false
            }
          ],
          "suites": [],
          "passes": [
            "a05cccf0-f748-453e-9320-3d70b2429023"
          ],
          "failures": [],
          "pending": [],
          "skipped": [],
          "duration": 297,
          "root": false,
          "rootEmpty": false,
          "_timeout": 10000
        },
        {
          "uuid": "5245d3a6-f4ae-4a3b-a454-f1e7e95ef984",
          "title": "Negative - Post New User with Empty Name",
          "fullFile": "D:\\Downloads\\MII\\GOREST-Automation-Test\\test\\testCases.js",
          "file": "\\test\\testCases.js",
          "beforeHooks": [],
          "afterHooks": [],
          "tests": [
            {
              "title": "Response status equal to 422",
              "fullTitle": "Negative - Post New User with Empty Name Response status equal to 422",
              "timedOut": false,
              "duration": 309,
              "state": "passed",
              "speed": "slow",
              "pass": true,
              "fail": false,
              "pending": false,
              "context": null,
              "code": "const response = await request(url)\n  .post(`/public/v2/users?access-token=${TOKEN}`)\n  .send({\n    \"email\": \"jihan@mail.com\",\n    \"name\": \"\",\n    \"gender\": \"female\",\n    \"status\": \"active\"\n  });\nexpect(response.status).to.equal(422);",
              "err": {},
              "uuid": "35011e59-03fd-4fb6-95ca-9feed49283d3",
              "parentUUID": "5245d3a6-f4ae-4a3b-a454-f1e7e95ef984",
              "isHook": false,
              "skipped": false
            }
          ],
          "suites": [],
          "passes": [
            "35011e59-03fd-4fb6-95ca-9feed49283d3"
          ],
          "failures": [],
          "pending": [],
          "skipped": [],
          "duration": 309,
          "root": false,
          "rootEmpty": false,
          "_timeout": 10000
        },
        {
          "uuid": "41fa5abc-8ecd-49b2-b0e5-aa13b68116cd",
          "title": "Negative - Post New User with Empty gender",
          "fullFile": "D:\\Downloads\\MII\\GOREST-Automation-Test\\test\\testCases.js",
          "file": "\\test\\testCases.js",
          "beforeHooks": [],
          "afterHooks": [],
          "tests": [
            {
              "title": "Response status equal to 422",
              "fullTitle": "Negative - Post New User with Empty gender Response status equal to 422",
              "timedOut": false,
              "duration": 299,
              "state": "passed",
              "speed": "slow",
              "pass": true,
              "fail": false,
              "pending": false,
              "context": null,
              "code": "const response = await request(url)\n  .post(`/public/v2/users?access-token=${TOKEN}`)\n  .send({\n    \"email\": \"jihan@mail.com\",\n    \"name\": \"Jihan\",\n    \"gender\": \"\",\n    \"status\": \"active\"\n  });\nexpect(response.status).to.equal(422);",
              "err": {},
              "uuid": "c3834872-a85a-4b16-86fd-7fd3005c4ead",
              "parentUUID": "41fa5abc-8ecd-49b2-b0e5-aa13b68116cd",
              "isHook": false,
              "skipped": false
            }
          ],
          "suites": [],
          "passes": [
            "c3834872-a85a-4b16-86fd-7fd3005c4ead"
          ],
          "failures": [],
          "pending": [],
          "skipped": [],
          "duration": 299,
          "root": false,
          "rootEmpty": false,
          "_timeout": 10000
        },
        {
          "uuid": "3f9e6966-6a6d-49d8-97d5-151408b123ba",
          "title": "Negative - Post New User with Empty status",
          "fullFile": "D:\\Downloads\\MII\\GOREST-Automation-Test\\test\\testCases.js",
          "file": "\\test\\testCases.js",
          "beforeHooks": [],
          "afterHooks": [],
          "tests": [
            {
              "title": "Response status equal to 422",
              "fullTitle": "Negative - Post New User with Empty status Response status equal to 422",
              "timedOut": false,
              "duration": 198,
              "state": "passed",
              "speed": "slow",
              "pass": true,
              "fail": false,
              "pending": false,
              "context": null,
              "code": "const response = await request(url)\n  .post(`/public/v2/users?access-token=${TOKEN}`)\n  .send({\n    \"email\": \"jihan@mail.com\",\n    \"name\": \"Jihan\",\n    \"gender\": \"female\",\n    \"status\": \"\"\n  });\nexpect(response.status).to.equal(422);",
              "err": {},
              "uuid": "a66c11ba-1d58-4f2c-bd70-67f4664f82de",
              "parentUUID": "3f9e6966-6a6d-49d8-97d5-151408b123ba",
              "isHook": false,
              "skipped": false
            }
          ],
          "suites": [],
          "passes": [
            "a66c11ba-1d58-4f2c-bd70-67f4664f82de"
          ],
          "failures": [],
          "pending": [],
          "skipped": [],
          "duration": 198,
          "root": false,
          "rootEmpty": false,
          "_timeout": 10000
        },
        {
          "uuid": "5ed8ebd9-002a-489c-84eb-18001817037c",
          "title": "Negative - Post New User with Invalid Email",
          "fullFile": "D:\\Downloads\\MII\\GOREST-Automation-Test\\test\\testCases.js",
          "file": "\\test\\testCases.js",
          "beforeHooks": [],
          "afterHooks": [],
          "tests": [
            {
              "title": "Response status equal to 422",
              "fullTitle": "Negative - Post New User with Invalid Email Response status equal to 422",
              "timedOut": false,
              "duration": 329,
              "state": "passed",
              "speed": "slow",
              "pass": true,
              "fail": false,
              "pending": false,
              "context": null,
              "code": "const response = await request(url)\n  .post(`/public/v2/users?access-token=${TOKEN}`)\n  .send({\n    \"email\": \"tes\",\n    \"name\": \"User 1\",\n    \"gender\": \"female\",\n    \"status\": \"active\"\n  });\nexpect(response.status).to.equal(422);",
              "err": {},
              "uuid": "46496f5e-e236-46d3-944d-3bbedc6bc2ec",
              "parentUUID": "5ed8ebd9-002a-489c-84eb-18001817037c",
              "isHook": false,
              "skipped": false
            }
          ],
          "suites": [],
          "passes": [
            "46496f5e-e236-46d3-944d-3bbedc6bc2ec"
          ],
          "failures": [],
          "pending": [],
          "skipped": [],
          "duration": 329,
          "root": false,
          "rootEmpty": false,
          "_timeout": 10000
        },
        {
          "uuid": "0c7c6ffe-0b36-407f-954e-db56d77ea1d1",
          "title": "Negative - Post New User with Invalid Gender",
          "fullFile": "D:\\Downloads\\MII\\GOREST-Automation-Test\\test\\testCases.js",
          "file": "\\test\\testCases.js",
          "beforeHooks": [],
          "afterHooks": [],
          "tests": [
            {
              "title": "Response status equal to 422",
              "fullTitle": "Negative - Post New User with Invalid Gender Response status equal to 422",
              "timedOut": false,
              "duration": 212,
              "state": "passed",
              "speed": "slow",
              "pass": true,
              "fail": false,
              "pending": false,
              "context": null,
              "code": "const response = await request(url)\n  .post(`/public/v2/users?access-token=${TOKEN}`)\n  .send({\n    \"email\": \"user1@mail.com\",\n    \"name\": \"User 1\",\n    \"gender\": \"1\",\n    \"status\": \"active\"\n  });\nexpect(response.status).to.equal(422);",
              "err": {},
              "uuid": "9213343a-bf4b-4df7-826a-eb572f205a37",
              "parentUUID": "0c7c6ffe-0b36-407f-954e-db56d77ea1d1",
              "isHook": false,
              "skipped": false
            }
          ],
          "suites": [],
          "passes": [
            "9213343a-bf4b-4df7-826a-eb572f205a37"
          ],
          "failures": [],
          "pending": [],
          "skipped": [],
          "duration": 212,
          "root": false,
          "rootEmpty": false,
          "_timeout": 10000
        },
        {
          "uuid": "25e25002-cd52-439a-abd8-5913c502b872",
          "title": "Negative - Post New User with Invalid Status",
          "fullFile": "D:\\Downloads\\MII\\GOREST-Automation-Test\\test\\testCases.js",
          "file": "\\test\\testCases.js",
          "beforeHooks": [],
          "afterHooks": [],
          "tests": [
            {
              "title": "Response status equal to 422",
              "fullTitle": "Negative - Post New User with Invalid Status Response status equal to 422",
              "timedOut": false,
              "duration": 301,
              "state": "passed",
              "speed": "slow",
              "pass": true,
              "fail": false,
              "pending": false,
              "context": null,
              "code": "const response = await request(url)\n  .post(`/public/v2/users?access-token=${TOKEN}`)\n  .send({\n    \"email\": \"user1@mail.com\",\n    \"name\": \"User 1\",\n    \"gender\": \"female\",\n    \"status\": \"1\"\n  });\nexpect(response.status).to.equal(422);",
              "err": {},
              "uuid": "ed15ae08-d1ae-452d-af9d-beb9a9a87e5b",
              "parentUUID": "25e25002-cd52-439a-abd8-5913c502b872",
              "isHook": false,
              "skipped": false
            }
          ],
          "suites": [],
          "passes": [
            "ed15ae08-d1ae-452d-af9d-beb9a9a87e5b"
          ],
          "failures": [],
          "pending": [],
          "skipped": [],
          "duration": 301,
          "root": false,
          "rootEmpty": false,
          "_timeout": 10000
        },
        {
          "uuid": "4b105b87-f76e-40a5-8713-c5bc39d220c1",
          "title": "Positive - GET all user details",
          "fullFile": "D:\\Downloads\\MII\\GOREST-Automation-Test\\test\\testCases.js",
          "file": "\\test\\testCases.js",
          "beforeHooks": [],
          "afterHooks": [],
          "tests": [
            {
              "title": "Response status equal to 200",
              "fullTitle": "Positive - GET all user details Response status equal to 200",
              "timedOut": false,
              "duration": 300,
              "state": "passed",
              "speed": "slow",
              "pass": true,
              "fail": false,
              "pending": false,
              "context": null,
              "code": "const response = await request(url)\n  .get(`/public/v2/users?access-token=${TOKEN}`)\n  expect(response.status).to.equal(200)",
              "err": {},
              "uuid": "1951181d-f898-4de6-aa18-38086cfddc77",
              "parentUUID": "4b105b87-f76e-40a5-8713-c5bc39d220c1",
              "isHook": false,
              "skipped": false
            }
          ],
          "suites": [],
          "passes": [
            "1951181d-f898-4de6-aa18-38086cfddc77"
          ],
          "failures": [],
          "pending": [],
          "skipped": [],
          "duration": 300,
          "root": false,
          "rootEmpty": false,
          "_timeout": 10000
        },
        {
          "uuid": "6dae31d8-602b-4736-a638-66e90f170537",
          "title": "Positive - GET selected user details",
          "fullFile": "D:\\Downloads\\MII\\GOREST-Automation-Test\\test\\testCases.js",
          "file": "\\test\\testCases.js",
          "beforeHooks": [],
          "afterHooks": [],
          "tests": [
            {
              "title": "Response status equal to 200",
              "fullTitle": "Positive - GET selected user details Response status equal to 200",
              "timedOut": false,
              "duration": 292,
              "state": "passed",
              "speed": "slow",
              "pass": true,
              "fail": false,
              "pending": false,
              "context": null,
              "code": "const response = await request(url)\n      .get(`/public/v2/users/${userId}?access-token=${TOKEN}`)\nexpect(response.status).to.equal(200)",
              "err": {},
              "uuid": "6a0943b3-52ef-4789-8082-89f258e2d7af",
              "parentUUID": "6dae31d8-602b-4736-a638-66e90f170537",
              "isHook": false,
              "skipped": false
            },
            {
              "title": "Response ID  equal to user's ID",
              "fullTitle": "Positive - GET selected user details Response ID  equal to user's ID",
              "timedOut": false,
              "duration": 275,
              "state": "passed",
              "speed": "slow",
              "pass": true,
              "fail": false,
              "pending": false,
              "context": null,
              "code": "const response = await request(url)\n.get(`/public/v2/users/${userId}?access-token=${TOKEN}`)\nexpect(response.body.id).to.equal(userId)",
              "err": {},
              "uuid": "f8b2cf33-e4a8-41d9-8aa8-c5116a320afa",
              "parentUUID": "6dae31d8-602b-4736-a638-66e90f170537",
              "isHook": false,
              "skipped": false
            },
            {
              "title": "Response email equal to user's email",
              "fullTitle": "Positive - GET selected user details Response email equal to user's email",
              "timedOut": false,
              "duration": 281,
              "state": "passed",
              "speed": "slow",
              "pass": true,
              "fail": false,
              "pending": false,
              "context": null,
              "code": "const response = await request(url)\n        .get(`/public/v2/users/${userId}?access-token=${TOKEN}`)\n        expect(response.body.email).to.equal(userEmail)",
              "err": {},
              "uuid": "29056621-60e9-4f0f-9566-c4fc6bf28acd",
              "parentUUID": "6dae31d8-602b-4736-a638-66e90f170537",
              "isHook": false,
              "skipped": false
            },
            {
              "title": "Response name equal to user's name",
              "fullTitle": "Positive - GET selected user details Response name equal to user's name",
              "timedOut": false,
              "duration": 173,
              "state": "passed",
              "speed": "slow",
              "pass": true,
              "fail": false,
              "pending": false,
              "context": null,
              "code": "const response = await request(url)\n      .get(`/public/v2/users/${userId}?access-token=${TOKEN}`)\n      expect(response.body.name).to.equal(userName)",
              "err": {},
              "uuid": "6e1becde-b7ae-43c8-9ad8-8b1a8428013f",
              "parentUUID": "6dae31d8-602b-4736-a638-66e90f170537",
              "isHook": false,
              "skipped": false
            }
          ],
          "suites": [],
          "passes": [
            "6a0943b3-52ef-4789-8082-89f258e2d7af",
            "f8b2cf33-e4a8-41d9-8aa8-c5116a320afa",
            "29056621-60e9-4f0f-9566-c4fc6bf28acd",
            "6e1becde-b7ae-43c8-9ad8-8b1a8428013f"
          ],
          "failures": [],
          "pending": [],
          "skipped": [],
          "duration": 1021,
          "root": false,
          "rootEmpty": false,
          "_timeout": 10000
        },
        {
          "uuid": "97884235-e5cb-4b6b-b6aa-9893eb65cdf8",
          "title": "Positive - GET all posts details",
          "fullFile": "D:\\Downloads\\MII\\GOREST-Automation-Test\\test\\testCases.js",
          "file": "\\test\\testCases.js",
          "beforeHooks": [],
          "afterHooks": [],
          "tests": [
            {
              "title": "Response status equal to 200",
              "fullTitle": "Positive - GET all posts details Response status equal to 200",
              "timedOut": false,
              "duration": 189,
              "state": "passed",
              "speed": "slow",
              "pass": true,
              "fail": false,
              "pending": false,
              "context": null,
              "code": "const response = await request(url)\n  .get(`/public/v2/posts?access-token=${TOKEN}`)\n  expect(response.status).to.equal(200)",
              "err": {},
              "uuid": "3204825d-cbcc-4f53-8495-727e8d684293",
              "parentUUID": "97884235-e5cb-4b6b-b6aa-9893eb65cdf8",
              "isHook": false,
              "skipped": false
            }
          ],
          "suites": [],
          "passes": [
            "3204825d-cbcc-4f53-8495-727e8d684293"
          ],
          "failures": [],
          "pending": [],
          "skipped": [],
          "duration": 189,
          "root": false,
          "rootEmpty": false,
          "_timeout": 10000
        },
        {
          "uuid": "c23226d4-b5eb-439b-ade7-8d007354bad4",
          "title": "Positive - GET selected post details",
          "fullFile": "D:\\Downloads\\MII\\GOREST-Automation-Test\\test\\testCases.js",
          "file": "\\test\\testCases.js",
          "beforeHooks": [],
          "afterHooks": [],
          "tests": [
            {
              "title": "Response status equal to 200",
              "fullTitle": "Positive - GET selected post details Response status equal to 200",
              "timedOut": false,
              "duration": 171,
              "state": "passed",
              "speed": "slow",
              "pass": true,
              "fail": false,
              "pending": false,
              "context": null,
              "code": "const response = await request(url)\n      .get(`/public/v2/posts/${postId}?access-token=${TOKEN}`)\nexpect(response.status).to.equal(200)",
              "err": {},
              "uuid": "9adc15fd-fe8a-4496-9b01-452bb133010e",
              "parentUUID": "c23226d4-b5eb-439b-ade7-8d007354bad4",
              "isHook": false,
              "skipped": false
            }
          ],
          "suites": [],
          "passes": [
            "9adc15fd-fe8a-4496-9b01-452bb133010e"
          ],
          "failures": [],
          "pending": [],
          "skipped": [],
          "duration": 171,
          "root": false,
          "rootEmpty": false,
          "_timeout": 10000
        },
        {
          "uuid": "d21cc778-5dd2-41a6-81f5-6f2a92bf82d1",
          "title": "Positive - GET all comments details",
          "fullFile": "D:\\Downloads\\MII\\GOREST-Automation-Test\\test\\testCases.js",
          "file": "\\test\\testCases.js",
          "beforeHooks": [],
          "afterHooks": [],
          "tests": [
            {
              "title": "Response status equal to 200",
              "fullTitle": "Positive - GET all comments details Response status equal to 200",
              "timedOut": false,
              "duration": 311,
              "state": "passed",
              "speed": "slow",
              "pass": true,
              "fail": false,
              "pending": false,
              "context": null,
              "code": "const response = await request(url)\n  .get(`/public/v2/comments?access-token=${TOKEN}`)\n  expect(response.status).to.equal(200)",
              "err": {},
              "uuid": "525f7817-ad80-4810-8114-1d6c4baadec0",
              "parentUUID": "d21cc778-5dd2-41a6-81f5-6f2a92bf82d1",
              "isHook": false,
              "skipped": false
            }
          ],
          "suites": [],
          "passes": [
            "525f7817-ad80-4810-8114-1d6c4baadec0"
          ],
          "failures": [],
          "pending": [],
          "skipped": [],
          "duration": 311,
          "root": false,
          "rootEmpty": false,
          "_timeout": 10000
        },
        {
          "uuid": "78522e3b-32ef-4f08-8387-939af7bd11b0",
          "title": "Positive - GET selected comments details",
          "fullFile": "D:\\Downloads\\MII\\GOREST-Automation-Test\\test\\testCases.js",
          "file": "\\test\\testCases.js",
          "beforeHooks": [],
          "afterHooks": [],
          "tests": [
            {
              "title": "Response status equal to 200",
              "fullTitle": "Positive - GET selected comments details Response status equal to 200",
              "timedOut": false,
              "duration": 291,
              "state": "passed",
              "speed": "slow",
              "pass": true,
              "fail": false,
              "pending": false,
              "context": null,
              "code": "const response = await request(url)\n      .get(`/public/v2/comments/${commentId}?access-token=${TOKEN}`)\nexpect(response.status).to.equal(200)",
              "err": {},
              "uuid": "27901dcf-ac46-48cb-99a3-9b6622f9d751",
              "parentUUID": "78522e3b-32ef-4f08-8387-939af7bd11b0",
              "isHook": false,
              "skipped": false
            }
          ],
          "suites": [],
          "passes": [
            "27901dcf-ac46-48cb-99a3-9b6622f9d751"
          ],
          "failures": [],
          "pending": [],
          "skipped": [],
          "duration": 291,
          "root": false,
          "rootEmpty": false,
          "_timeout": 10000
        },
        {
          "uuid": "ac1ec0e4-9dbc-4781-9b23-3cc25b47c27c",
          "title": "Positive - GET all to-dos details",
          "fullFile": "D:\\Downloads\\MII\\GOREST-Automation-Test\\test\\testCases.js",
          "file": "\\test\\testCases.js",
          "beforeHooks": [],
          "afterHooks": [],
          "tests": [
            {
              "title": "Response status equal to 200",
              "fullTitle": "Positive - GET all to-dos details Response status equal to 200",
              "timedOut": false,
              "duration": 316,
              "state": "passed",
              "speed": "slow",
              "pass": true,
              "fail": false,
              "pending": false,
              "context": null,
              "code": "const response = await request(url)\n  .get(`/public/v2/todos?access-token=${TOKEN}`)\n  expect(response.status).to.equal(200)",
              "err": {},
              "uuid": "9c7a0818-0fb2-4847-8025-ab463ffc4aef",
              "parentUUID": "ac1ec0e4-9dbc-4781-9b23-3cc25b47c27c",
              "isHook": false,
              "skipped": false
            }
          ],
          "suites": [],
          "passes": [
            "9c7a0818-0fb2-4847-8025-ab463ffc4aef"
          ],
          "failures": [],
          "pending": [],
          "skipped": [],
          "duration": 316,
          "root": false,
          "rootEmpty": false,
          "_timeout": 10000
        },
        {
          "uuid": "1954983d-9d0e-4fce-9ed1-132571b74a84",
          "title": "Positive - GET selected to-dos details",
          "fullFile": "D:\\Downloads\\MII\\GOREST-Automation-Test\\test\\testCases.js",
          "file": "\\test\\testCases.js",
          "beforeHooks": [],
          "afterHooks": [],
          "tests": [
            {
              "title": "Response status equal to 200",
              "fullTitle": "Positive - GET selected to-dos details Response status equal to 200",
              "timedOut": false,
              "duration": 284,
              "state": "passed",
              "speed": "slow",
              "pass": true,
              "fail": false,
              "pending": false,
              "context": null,
              "code": "const response = await request(url)\n      .get(`/public/v2/todos/${todoId}?access-token=${TOKEN}`)\nexpect(response.status).to.equal(200)",
              "err": {},
              "uuid": "5bbddf92-ce0a-40aa-ae71-46f71b3f3aad",
              "parentUUID": "1954983d-9d0e-4fce-9ed1-132571b74a84",
              "isHook": false,
              "skipped": false
            }
          ],
          "suites": [],
          "passes": [
            "5bbddf92-ce0a-40aa-ae71-46f71b3f3aad"
          ],
          "failures": [],
          "pending": [],
          "skipped": [],
          "duration": 284,
          "root": false,
          "rootEmpty": false,
          "_timeout": 10000
        },
        {
          "uuid": "c6894e28-25b7-4688-9110-cbdc12ae4b9b",
          "title": "Negative - GET non-existed user detail",
          "fullFile": "D:\\Downloads\\MII\\GOREST-Automation-Test\\test\\testCases.js",
          "file": "\\test\\testCases.js",
          "beforeHooks": [],
          "afterHooks": [],
          "tests": [
            {
              "title": "Response status equal to 404",
              "fullTitle": "Negative - GET non-existed user detail Response status equal to 404",
              "timedOut": false,
              "duration": 177,
              "state": "passed",
              "speed": "slow",
              "pass": true,
              "fail": false,
              "pending": false,
              "context": null,
              "code": "const response = await request(url)\n.get(`/public/v2/users/12345?access-token=${TOKEN}`)\nexpect(response.status).to.equal(404)",
              "err": {},
              "uuid": "eed707cf-82dc-471b-ad7a-571dfecd3dbf",
              "parentUUID": "c6894e28-25b7-4688-9110-cbdc12ae4b9b",
              "isHook": false,
              "skipped": false
            }
          ],
          "suites": [],
          "passes": [
            "eed707cf-82dc-471b-ad7a-571dfecd3dbf"
          ],
          "failures": [],
          "pending": [],
          "skipped": [],
          "duration": 177,
          "root": false,
          "rootEmpty": false,
          "_timeout": 10000
        },
        {
          "uuid": "35b2e1ad-b5c3-46cd-8ce5-ee752ae7fd84",
          "title": "Positive - PUT selected user details",
          "fullFile": "D:\\Downloads\\MII\\GOREST-Automation-Test\\test\\testCases.js",
          "file": "\\test\\testCases.js",
          "beforeHooks": [],
          "afterHooks": [],
          "tests": [
            {
              "title": "Response status equal to 200",
              "fullTitle": "Positive - PUT selected user details Response status equal to 200",
              "timedOut": false,
              "duration": 301,
              "state": "passed",
              "speed": "slow",
              "pass": true,
              "fail": false,
              "pending": false,
              "context": null,
              "code": "const response = await request(url)\n  .put(`/public/v2/users/${userId}?access-token=${TOKEN}`)\n  .send({\n    \"email\": \"jihan@mail.com\",\n    \"name\": \"User 1\",\n    \"gender\": \"female\",\n    \"status\": \"inactive\"\n});\n  expect(response.status).to.equal(200)",
              "err": {},
              "uuid": "ebe2a6ec-53eb-4548-b9e7-516fbce5faff",
              "parentUUID": "35b2e1ad-b5c3-46cd-8ce5-ee752ae7fd84",
              "isHook": false,
              "skipped": false
            }
          ],
          "suites": [],
          "passes": [
            "ebe2a6ec-53eb-4548-b9e7-516fbce5faff"
          ],
          "failures": [],
          "pending": [],
          "skipped": [],
          "duration": 301,
          "root": false,
          "rootEmpty": false,
          "_timeout": 10000
        },
        {
          "uuid": "be1a1fcd-c191-4ea9-ad87-ac92f9785a62",
          "title": "Negative - PUT not existed user",
          "fullFile": "D:\\Downloads\\MII\\GOREST-Automation-Test\\test\\testCases.js",
          "file": "\\test\\testCases.js",
          "beforeHooks": [],
          "afterHooks": [],
          "tests": [
            {
              "title": "Response status equal to 404",
              "fullTitle": "Negative - PUT not existed user Response status equal to 404",
              "timedOut": false,
              "duration": 166,
              "state": "passed",
              "speed": "slow",
              "pass": true,
              "fail": false,
              "pending": false,
              "context": null,
              "code": "const response = await request(url)\n  .put(`/public/v2/users/123456?access-token=${TOKEN}`)\n  .send({\n    \"email\": \"user1@mail.com\",\n    \"name\": \"User 1\",\n    \"gender\": \"female\",\n    \"status\": \"inactive\"\n});\n  expect(response.status).to.equal(404)",
              "err": {},
              "uuid": "f5362abe-e43a-4fd2-a8f8-64e2598ee8f6",
              "parentUUID": "be1a1fcd-c191-4ea9-ad87-ac92f9785a62",
              "isHook": false,
              "skipped": false
            }
          ],
          "suites": [],
          "passes": [
            "f5362abe-e43a-4fd2-a8f8-64e2598ee8f6"
          ],
          "failures": [],
          "pending": [],
          "skipped": [],
          "duration": 166,
          "root": false,
          "rootEmpty": false,
          "_timeout": 10000
        },
        {
          "uuid": "d2e32383-c218-4a80-85a0-d4700c3599b7",
          "title": "Negative - Put Invalid Posts ID",
          "fullFile": "D:\\Downloads\\MII\\GOREST-Automation-Test\\test\\testCases.js",
          "file": "\\test\\testCases.js",
          "beforeHooks": [],
          "afterHooks": [],
          "tests": [
            {
              "title": "Response status equal to 404",
              "fullTitle": "Negative - Put Invalid Posts ID Response status equal to 404",
              "timedOut": false,
              "duration": 274,
              "state": "passed",
              "speed": "slow",
              "pass": true,
              "fail": false,
              "pending": false,
              "context": null,
              "code": "const response = await request(url)\n  .post(`/public/v2/posts/123456?access-token=${TOKEN}`)\n  .send({\n    \"user\": userName,\n    \"user_id\":userId,\n    \"title\":\"Post test\",\n    \"body\":\"Halo. Saya adalah user\"\n     });\n  \n  expect(response.status).to.equal(404);",
              "err": {},
              "uuid": "0f279bf2-3287-4f62-b64f-a0b916df3efb",
              "parentUUID": "d2e32383-c218-4a80-85a0-d4700c3599b7",
              "isHook": false,
              "skipped": false
            }
          ],
          "suites": [],
          "passes": [
            "0f279bf2-3287-4f62-b64f-a0b916df3efb"
          ],
          "failures": [],
          "pending": [],
          "skipped": [],
          "duration": 274,
          "root": false,
          "rootEmpty": false,
          "_timeout": 10000
        },
        {
          "uuid": "d000db03-bc0d-4ae4-b74e-512563f1b46e",
          "title": "Positive - Delete selected to-do",
          "fullFile": "D:\\Downloads\\MII\\GOREST-Automation-Test\\test\\testCases.js",
          "file": "\\test\\testCases.js",
          "beforeHooks": [],
          "afterHooks": [],
          "tests": [
            {
              "title": "Response status equal to 204",
              "fullTitle": "Positive - Delete selected to-do Response status equal to 204",
              "timedOut": false,
              "duration": 290,
              "state": "passed",
              "speed": "slow",
              "pass": true,
              "fail": false,
              "pending": false,
              "context": null,
              "code": "const response = await request(url)\n.delete(`/public/v2/todos/${todoId}?access-token=${TOKEN}`)\nexpect(response.status).to.equal(204)",
              "err": {},
              "uuid": "6aaf84f7-ab6f-41b9-9de9-4ddc3ceb11bf",
              "parentUUID": "d000db03-bc0d-4ae4-b74e-512563f1b46e",
              "isHook": false,
              "skipped": false
            }
          ],
          "suites": [],
          "passes": [
            "6aaf84f7-ab6f-41b9-9de9-4ddc3ceb11bf"
          ],
          "failures": [],
          "pending": [],
          "skipped": [],
          "duration": 290,
          "root": false,
          "rootEmpty": false,
          "_timeout": 10000
        },
        {
          "uuid": "edae8ee0-28df-4b0c-869a-8b589b746555",
          "title": "Positive - Delete selected comments",
          "fullFile": "D:\\Downloads\\MII\\GOREST-Automation-Test\\test\\testCases.js",
          "file": "\\test\\testCases.js",
          "beforeHooks": [],
          "afterHooks": [],
          "tests": [
            {
              "title": "Response status equal to 204",
              "fullTitle": "Positive - Delete selected comments Response status equal to 204",
              "timedOut": false,
              "duration": 309,
              "state": "passed",
              "speed": "slow",
              "pass": true,
              "fail": false,
              "pending": false,
              "context": null,
              "code": "const response = await request(url)\n.delete(`/public/v2/comments/${commentId}?access-token=${TOKEN}`)\nexpect(response.status).to.equal(204)",
              "err": {},
              "uuid": "3b650112-aee2-46a7-a2b1-ae729717169f",
              "parentUUID": "edae8ee0-28df-4b0c-869a-8b589b746555",
              "isHook": false,
              "skipped": false
            }
          ],
          "suites": [],
          "passes": [
            "3b650112-aee2-46a7-a2b1-ae729717169f"
          ],
          "failures": [],
          "pending": [],
          "skipped": [],
          "duration": 309,
          "root": false,
          "rootEmpty": false,
          "_timeout": 10000
        },
        {
          "uuid": "0f7f2cb6-b6da-427e-94fd-94161ffcad56",
          "title": "Positive - Delete selected post",
          "fullFile": "D:\\Downloads\\MII\\GOREST-Automation-Test\\test\\testCases.js",
          "file": "\\test\\testCases.js",
          "beforeHooks": [],
          "afterHooks": [],
          "tests": [
            {
              "title": "Response status equal to 204",
              "fullTitle": "Positive - Delete selected post Response status equal to 204",
              "timedOut": false,
              "duration": 335,
              "state": "passed",
              "speed": "slow",
              "pass": true,
              "fail": false,
              "pending": false,
              "context": null,
              "code": "const response = await request(url)\n.delete(`/public/v2/posts/${postId}?access-token=${TOKEN}`)\nexpect(response.status).to.equal(204)",
              "err": {},
              "uuid": "6fd0f457-8f6e-4a4c-9f8e-c4c8f6b390bb",
              "parentUUID": "0f7f2cb6-b6da-427e-94fd-94161ffcad56",
              "isHook": false,
              "skipped": false
            }
          ],
          "suites": [],
          "passes": [
            "6fd0f457-8f6e-4a4c-9f8e-c4c8f6b390bb"
          ],
          "failures": [],
          "pending": [],
          "skipped": [],
          "duration": 335,
          "root": false,
          "rootEmpty": false,
          "_timeout": 10000
        },
        {
          "uuid": "38a53e02-764a-4de0-99e9-3acaf5a50288",
          "title": "Positive - Delete selected user",
          "fullFile": "D:\\Downloads\\MII\\GOREST-Automation-Test\\test\\testCases.js",
          "file": "\\test\\testCases.js",
          "beforeHooks": [],
          "afterHooks": [],
          "tests": [
            {
              "title": "Response status equal to 204",
              "fullTitle": "Positive - Delete selected user Response status equal to 204",
              "timedOut": false,
              "duration": 325,
              "state": "passed",
              "speed": "slow",
              "pass": true,
              "fail": false,
              "pending": false,
              "context": null,
              "code": "const response = await request(url)\n.delete(`/public/v2/users/${userId}?access-token=${TOKEN}`)\nexpect(response.status).to.equal(204)",
              "err": {},
              "uuid": "7bdd621a-a3b5-4570-846e-de5a497f6b75",
              "parentUUID": "38a53e02-764a-4de0-99e9-3acaf5a50288",
              "isHook": false,
              "skipped": false
            }
          ],
          "suites": [],
          "passes": [
            "7bdd621a-a3b5-4570-846e-de5a497f6b75"
          ],
          "failures": [],
          "pending": [],
          "skipped": [],
          "duration": 325,
          "root": false,
          "rootEmpty": false,
          "_timeout": 10000
        },
        {
          "uuid": "5732d869-da79-475c-83c4-a726f0bdc8fa",
          "title": "Negative - DELETE not existed user",
          "fullFile": "D:\\Downloads\\MII\\GOREST-Automation-Test\\test\\testCases.js",
          "file": "\\test\\testCases.js",
          "beforeHooks": [],
          "afterHooks": [],
          "tests": [
            {
              "title": "Response status equal to 404",
              "fullTitle": "Negative - DELETE not existed user Response status equal to 404",
              "timedOut": false,
              "duration": 324,
              "state": "passed",
              "speed": "slow",
              "pass": true,
              "fail": false,
              "pending": false,
              "context": null,
              "code": "const response = await request(url)\n  .delete(`/public/v2/users/123456?access-token=${TOKEN}`)\n  ;\n  expect(response.status).to.equal(404)",
              "err": {},
              "uuid": "35d8b095-3738-46eb-b79e-bbfd15923591",
              "parentUUID": "5732d869-da79-475c-83c4-a726f0bdc8fa",
              "isHook": false,
              "skipped": false
            }
          ],
          "suites": [],
          "passes": [
            "35d8b095-3738-46eb-b79e-bbfd15923591"
          ],
          "failures": [],
          "pending": [],
          "skipped": [],
          "duration": 324,
          "root": false,
          "rootEmpty": false,
          "_timeout": 10000
        },
        {
          "uuid": "aec22d1d-ea5e-4da8-a573-6eb0aedfcea0",
          "title": "Negative - DELETE not existed user",
          "fullFile": "D:\\Downloads\\MII\\GOREST-Automation-Test\\test\\testCases.js",
          "file": "\\test\\testCases.js",
          "beforeHooks": [],
          "afterHooks": [],
          "tests": [
            {
              "title": "Response status equal to 404",
              "fullTitle": "Negative - DELETE not existed user Response status equal to 404",
              "timedOut": false,
              "duration": 302,
              "state": "passed",
              "speed": "slow",
              "pass": true,
              "fail": false,
              "pending": false,
              "context": null,
              "code": "const response = await request(url)\n  .delete(`/public/v2/users/123456?access-token=${TOKEN}`)\n   ;\n  expect(response.status).to.equal(404)",
              "err": {},
              "uuid": "abe13024-b101-4acd-8aaf-dc8819965eae",
              "parentUUID": "aec22d1d-ea5e-4da8-a573-6eb0aedfcea0",
              "isHook": false,
              "skipped": false
            }
          ],
          "suites": [],
          "passes": [
            "abe13024-b101-4acd-8aaf-dc8819965eae"
          ],
          "failures": [],
          "pending": [],
          "skipped": [],
          "duration": 302,
          "root": false,
          "rootEmpty": false,
          "_timeout": 10000
        },
        {
          "uuid": "968c5230-baeb-4513-bf70-36d8cffc6458",
          "title": "Negative - DELETE not existed user",
          "fullFile": "D:\\Downloads\\MII\\GOREST-Automation-Test\\test\\testCases.js",
          "file": "\\test\\testCases.js",
          "beforeHooks": [],
          "afterHooks": [],
          "tests": [
            {
              "title": "Response status equal to 404",
              "fullTitle": "Negative - DELETE not existed user Response status equal to 404",
              "timedOut": false,
              "duration": 171,
              "state": "passed",
              "speed": "slow",
              "pass": true,
              "fail": false,
              "pending": false,
              "context": null,
              "code": "const response = await request(url)\n.delete(`/public/v2/users/123456?access-token=${TOKEN}`)\n;\nexpect(response.status).to.equal(404)",
              "err": {},
              "uuid": "69e76af0-56af-4e44-b808-445cb1e200f6",
              "parentUUID": "968c5230-baeb-4513-bf70-36d8cffc6458",
              "isHook": false,
              "skipped": false
            }
          ],
          "suites": [],
          "passes": [
            "69e76af0-56af-4e44-b808-445cb1e200f6"
          ],
          "failures": [],
          "pending": [],
          "skipped": [],
          "duration": 171,
          "root": false,
          "rootEmpty": false,
          "_timeout": 10000
        },
        {
          "uuid": "ce7163d4-7f29-46df-bc12-18ff7a7d6578",
          "title": "Negative - DELETE not existed user",
          "fullFile": "D:\\Downloads\\MII\\GOREST-Automation-Test\\test\\testCases.js",
          "file": "\\test\\testCases.js",
          "beforeHooks": [],
          "afterHooks": [],
          "tests": [
            {
              "title": "Response status equal to 404",
              "fullTitle": "Negative - DELETE not existed user Response status equal to 404",
              "timedOut": false,
              "duration": 289,
              "state": "passed",
              "speed": "slow",
              "pass": true,
              "fail": false,
              "pending": false,
              "context": null,
              "code": "const response = await request(url)\n .delete(`/public/v2/users/123456?access-token=${TOKEN}`)\n ;\n expect(response.status).to.equal(404)",
              "err": {},
              "uuid": "6facb447-8ff2-43c7-8796-6f1f212e2a03",
              "parentUUID": "ce7163d4-7f29-46df-bc12-18ff7a7d6578",
              "isHook": false,
              "skipped": false
            }
          ],
          "suites": [],
          "passes": [
            "6facb447-8ff2-43c7-8796-6f1f212e2a03"
          ],
          "failures": [],
          "pending": [],
          "skipped": [],
          "duration": 289,
          "root": false,
          "rootEmpty": false,
          "_timeout": 10000
        }
      ],
      "passes": [],
      "failures": [],
      "pending": [],
      "skipped": [],
      "duration": 0,
      "root": true,
      "rootEmpty": true,
      "_timeout": 10000
    }
  ],
  "meta": {
    "mocha": {
      "version": "10.2.0"
    },
    "mochawesome": {
      "options": {
        "quiet": false,
        "reportFilename": "mochawesome",
        "saveHtml": true,
        "saveJson": true,
        "consoleReporter": "spec",
        "useInlineDiffs": false,
        "code": true
      },
      "version": "7.1.3"
    },
    "marge": {
      "options": null,
      "version": "6.2.0"
    }
  }
}